internal/modules/cjs/loader.js:303
      throw err;
      ^

Error: Cannot find module 'C:\xampp\htdocs\watiket\backend\index.js'. Please verify that the package.json has a valid "main" entry
    at tryPackage (internal/modules/cjs/loader.js:295:19)
    at Function.Module._findPath (internal/modules/cjs/loader.js:508:18)
    at resolveMainPath (internal/modules/run_main.js:12:25)
    at Function.executeUserEntryPoint [as runMain] (internal/modules/run_main.js:54:24)
    at internal/main/run_main_module.js:17:47 {
  code: 'MODULE_NOT_FOUND',
  path: 'C:\\xampp\\htdocs\\watiket\\backend\\package.json',
  requestPath: 'C:\\xampp\\htdocs\\watiket\\backend'
}
internal/modules/cjs/loader.js:303
      throw err;
      ^

Error: Cannot find module 'C:\xampp\htdocs\watiket\backend\index.js'. Please verify that the package.json has a valid "main" entry
    at tryPackage (internal/modules/cjs/loader.js:295:19)
    at Function.Module._findPath (internal/modules/cjs/loader.js:508:18)
    at resolveMainPath (internal/modules/run_main.js:12:25)
    at Function.executeUserEntryPoint [as runMain] (internal/modules/run_main.js:54:24)
    at internal/main/run_main_module.js:17:47 {
  code: 'MODULE_NOT_FOUND',
  path: 'C:\\xampp\\htdocs\\watiket\\backend\\package.json',
  requestPath: 'C:\\xampp\\htdocs\\watiket\\backend'
}
internal/modules/cjs/loader.js:303
      throw err;
      ^

Error: Cannot find module 'C:\xampp\htdocs\watiket\backend\index.js'. Please verify that the package.json has a valid "main" entry
    at tryPackage (internal/modules/cjs/loader.js:295:19)
    at Function.Module._findPath (internal/modules/cjs/loader.js:508:18)
    at resolveMainPath (internal/modules/run_main.js:12:25)
    at Function.executeUserEntryPoint [as runMain] (internal/modules/run_main.js:54:24)
    at internal/main/run_main_module.js:17:47 {
  code: 'MODULE_NOT_FOUND',
  path: 'C:\\xampp\\htdocs\\watiket\\backend\\package.json',
  requestPath: 'C:\\xampp\\htdocs\\watiket\\backend'
}
C:\Users\User\AppData\Roaming\npm\node_modules\qckwinsvc\node_modules\node-windows\lib\wrapper.js:177
    child.send('shutdown');
          ^

TypeError: Cannot read property 'send' of null
    at process.killkid (C:\Users\User\AppData\Roaming\npm\node_modules\qckwinsvc\node_modules\node-windows\lib\wrapper.js:177:11)
    at process.emit (events.js:314:20)
    at process.exit (internal/process/per_thread.js:168:15)
    at monitor (C:\Users\User\AppData\Roaming\npm\node_modules\qckwinsvc\node_modules\node-windows\lib\wrapper.js:99:17)
    at ChildProcess.<anonymous> (C:\Users\User\AppData\Roaming\npm\node_modules\qckwinsvc\node_modules\node-windows\lib\wrapper.js:170:5)
    at ChildProcess.emit (events.js:314:20)
    at Process.ChildProcess._handle.onexit (internal/child_process.js:276:12)
internal/modules/cjs/loader.js:303
      throw err;
      ^

Error: Cannot find module 'C:\xampp\htdocs\watiket\backend\index.js'. Please verify that the package.json has a valid "main" entry
    at tryPackage (internal/modules/cjs/loader.js:295:19)
    at Function.Module._findPath (internal/modules/cjs/loader.js:508:18)
    at resolveMainPath (internal/modules/run_main.js:12:25)
    at Function.executeUserEntryPoint [as runMain] (internal/modules/run_main.js:54:24)
    at internal/main/run_main_module.js:17:47 {
  code: 'MODULE_NOT_FOUND',
  path: 'C:\\xampp\\htdocs\\watiket\\backend\\package.json',
  requestPath: 'C:\\xampp\\htdocs\\watiket\\backend'
}
internal/modules/cjs/loader.js:303
      throw err;
      ^

Error: Cannot find module 'C:\xampp\htdocs\watiket\backend\index.js'. Please verify that the package.json has a valid "main" entry
    at tryPackage (internal/modules/cjs/loader.js:295:19)
    at Function.Module._findPath (internal/modules/cjs/loader.js:508:18)
    at resolveMainPath (internal/modules/run_main.js:12:25)
    at Function.executeUserEntryPoint [as runMain] (internal/modules/run_main.js:54:24)
    at internal/main/run_main_module.js:17:47 {
  code: 'MODULE_NOT_FOUND',
  path: 'C:\\xampp\\htdocs\\watiket\\backend\\package.json',
  requestPath: 'C:\\xampp\\htdocs\\watiket\\backend'
}
internal/modules/cjs/loader.js:303
      throw err;
      ^

Error: Cannot find module 'C:\xampp\htdocs\watiket\backend\index.js'. Please verify that the package.json has a valid "main" entry
    at tryPackage (internal/modules/cjs/loader.js:295:19)
    at Function.Module._findPath (internal/modules/cjs/loader.js:508:18)
    at resolveMainPath (internal/modules/run_main.js:12:25)
    at Function.executeUserEntryPoint [as runMain] (internal/modules/run_main.js:54:24)
    at internal/main/run_main_module.js:17:47 {
  code: 'MODULE_NOT_FOUND',
  path: 'C:\\xampp\\htdocs\\watiket\\backend\\package.json',
  requestPath: 'C:\\xampp\\htdocs\\watiket\\backend'
}
C:\Users\User\AppData\Roaming\npm\node_modules\qckwinsvc\node_modules\node-windows\lib\wrapper.js:177
    child.send('shutdown');
          ^

TypeError: Cannot read property 'send' of null
    at process.killkid (C:\Users\User\AppData\Roaming\npm\node_modules\qckwinsvc\node_modules\node-windows\lib\wrapper.js:177:11)
    at process.emit (events.js:314:20)
    at process.exit (internal/process/per_thread.js:168:15)
    at monitor (C:\Users\User\AppData\Roaming\npm\node_modules\qckwinsvc\node_modules\node-windows\lib\wrapper.js:99:17)
    at ChildProcess.<anonymous> (C:\Users\User\AppData\Roaming\npm\node_modules\qckwinsvc\node_modules\node-windows\lib\wrapper.js:170:5)
    at ChildProcess.emit (events.js:314:20)
    at Process.ChildProcess._handle.onexit (internal/child_process.js:276:12)
internal/modules/cjs/loader.js:303
      throw err;
      ^

Error: Cannot find module 'C:\xampp\htdocs\watiket\backend\index.js'. Please verify that the package.json has a valid "main" entry
    at tryPackage (internal/modules/cjs/loader.js:295:19)
    at Function.Module._findPath (internal/modules/cjs/loader.js:508:18)
    at resolveMainPath (internal/modules/run_main.js:12:25)
    at Function.executeUserEntryPoint [as runMain] (internal/modules/run_main.js:54:24)
    at internal/main/run_main_module.js:17:47 {
  code: 'MODULE_NOT_FOUND',
  path: 'C:\\xampp\\htdocs\\watiket\\backend\\package.json',
  requestPath: 'C:\\xampp\\htdocs\\watiket\\backend'
}
internal/modules/cjs/loader.js:303
      throw err;
      ^

Error: Cannot find module 'C:\xampp\htdocs\watiket\backend\index.js'. Please verify that the package.json has a valid "main" entry
    at tryPackage (internal/modules/cjs/loader.js:295:19)
    at Function.Module._findPath (internal/modules/cjs/loader.js:508:18)
    at resolveMainPath (internal/modules/run_main.js:12:25)
    at Function.executeUserEntryPoint [as runMain] (internal/modules/run_main.js:54:24)
    at internal/main/run_main_module.js:17:47 {
  code: 'MODULE_NOT_FOUND',
  path: 'C:\\xampp\\htdocs\\watiket\\backend\\package.json',
  requestPath: 'C:\\xampp\\htdocs\\watiket\\backend'
}
internal/modules/cjs/loader.js:303
      throw err;
      ^

Error: Cannot find module 'C:\xampp\htdocs\watiket\backend\index.js'. Please verify that the package.json has a valid "main" entry
    at tryPackage (internal/modules/cjs/loader.js:295:19)
    at Function.Module._findPath (internal/modules/cjs/loader.js:508:18)
    at resolveMainPath (internal/modules/run_main.js:12:25)
    at Function.executeUserEntryPoint [as runMain] (internal/modules/run_main.js:54:24)
    at internal/main/run_main_module.js:17:47 {
  code: 'MODULE_NOT_FOUND',
  path: 'C:\\xampp\\htdocs\\watiket\\backend\\package.json',
  requestPath: 'C:\\xampp\\htdocs\\watiket\\backend'
}
C:\Users\User\AppData\Roaming\npm\node_modules\qckwinsvc\node_modules\node-windows\lib\wrapper.js:177
    child.send('shutdown');
          ^

TypeError: Cannot read property 'send' of null
    at process.killkid (C:\Users\User\AppData\Roaming\npm\node_modules\qckwinsvc\node_modules\node-windows\lib\wrapper.js:177:11)
    at process.emit (events.js:314:20)
    at process.exit (internal/process/per_thread.js:168:15)
    at monitor (C:\Users\User\AppData\Roaming\npm\node_modules\qckwinsvc\node_modules\node-windows\lib\wrapper.js:99:17)
    at ChildProcess.<anonymous> (C:\Users\User\AppData\Roaming\npm\node_modules\qckwinsvc\node_modules\node-windows\lib\wrapper.js:170:5)
    at ChildProcess.emit (events.js:314:20)
    at Process.ChildProcess._handle.onexit (internal/child_process.js:276:12)
internal/modules/cjs/loader.js:303
      throw err;
      ^

Error: Cannot find module 'C:\xampp\htdocs\watiket\backend\index.js'. Please verify that the package.json has a valid "main" entry
    at tryPackage (internal/modules/cjs/loader.js:295:19)
    at Function.Module._findPath (internal/modules/cjs/loader.js:508:18)
    at resolveMainPath (internal/modules/run_main.js:12:25)
    at Function.executeUserEntryPoint [as runMain] (internal/modules/run_main.js:54:24)
    at internal/main/run_main_module.js:17:47 {
  code: 'MODULE_NOT_FOUND',
  path: 'C:\\xampp\\htdocs\\watiket\\backend\\package.json',
  requestPath: 'C:\\xampp\\htdocs\\watiket\\backend'
}
internal/modules/cjs/loader.js:303
      throw err;
      ^

Error: Cannot find module 'C:\xampp\htdocs\watiket\backend\index.js'. Please verify that the package.json has a valid "main" entry
    at tryPackage (internal/modules/cjs/loader.js:295:19)
    at Function.Module._findPath (internal/modules/cjs/loader.js:508:18)
    at resolveMainPath (internal/modules/run_main.js:12:25)
    at Function.executeUserEntryPoint [as runMain] (internal/modules/run_main.js:54:24)
    at internal/main/run_main_module.js:17:47 {
  code: 'MODULE_NOT_FOUND',
  path: 'C:\\xampp\\htdocs\\watiket\\backend\\package.json',
  requestPath: 'C:\\xampp\\htdocs\\watiket\\backend'
}
internal/modules/cjs/loader.js:303
      throw err;
      ^

Error: Cannot find module 'C:\xampp\htdocs\watiket\backend\index.js'. Please verify that the package.json has a valid "main" entry
    at tryPackage (internal/modules/cjs/loader.js:295:19)
    at Function.Module._findPath (internal/modules/cjs/loader.js:508:18)
    at resolveMainPath (internal/modules/run_main.js:12:25)
    at Function.executeUserEntryPoint [as runMain] (internal/modules/run_main.js:54:24)
    at internal/main/run_main_module.js:17:47 {
  code: 'MODULE_NOT_FOUND',
  path: 'C:\\xampp\\htdocs\\watiket\\backend\\package.json',
  requestPath: 'C:\\xampp\\htdocs\\watiket\\backend'
}
C:\Users\User\AppData\Roaming\npm\node_modules\qckwinsvc\node_modules\node-windows\lib\wrapper.js:177
    child.send('shutdown');
          ^

TypeError: Cannot read property 'send' of null
    at process.killkid (C:\Users\User\AppData\Roaming\npm\node_modules\qckwinsvc\node_modules\node-windows\lib\wrapper.js:177:11)
    at process.emit (events.js:314:20)
    at process.exit (internal/process/per_thread.js:168:15)
    at monitor (C:\Users\User\AppData\Roaming\npm\node_modules\qckwinsvc\node_modules\node-windows\lib\wrapper.js:99:17)
    at ChildProcess.<anonymous> (C:\Users\User\AppData\Roaming\npm\node_modules\qckwinsvc\node_modules\node-windows\lib\wrapper.js:170:5)
    at ChildProcess.emit (events.js:314:20)
    at Process.ChildProcess._handle.onexit (internal/child_process.js:276:12)
internal/modules/cjs/loader.js:303
      throw err;
      ^

Error: Cannot find module 'C:\xampp\htdocs\watiket\backend\index.js'. Please verify that the package.json has a valid "main" entry
    at tryPackage (internal/modules/cjs/loader.js:295:19)
    at Function.Module._findPath (internal/modules/cjs/loader.js:508:18)
    at resolveMainPath (internal/modules/run_main.js:12:25)
    at Function.executeUserEntryPoint [as runMain] (internal/modules/run_main.js:54:24)
    at internal/main/run_main_module.js:17:47 {
  code: 'MODULE_NOT_FOUND',
  path: 'C:\\xampp\\htdocs\\watiket\\backend\\package.json',
  requestPath: 'C:\\xampp\\htdocs\\watiket\\backend'
}
internal/modules/cjs/loader.js:303
      throw err;
      ^

Error: Cannot find module 'C:\xampp\htdocs\watiket\backend\index.js'. Please verify that the package.json has a valid "main" entry
    at tryPackage (internal/modules/cjs/loader.js:295:19)
    at Function.Module._findPath (internal/modules/cjs/loader.js:508:18)
    at resolveMainPath (internal/modules/run_main.js:12:25)
    at Function.executeUserEntryPoint [as runMain] (internal/modules/run_main.js:54:24)
    at internal/main/run_main_module.js:17:47 {
  code: 'MODULE_NOT_FOUND',
  path: 'C:\\xampp\\htdocs\\watiket\\backend\\package.json',
  requestPath: 'C:\\xampp\\htdocs\\watiket\\backend'
}
internal/modules/cjs/loader.js:303
      throw err;
      ^

Error: Cannot find module 'C:\xampp\htdocs\watiket\backend\index.js'. Please verify that the package.json has a valid "main" entry
    at tryPackage (internal/modules/cjs/loader.js:295:19)
    at Function.Module._findPath (internal/modules/cjs/loader.js:508:18)
    at resolveMainPath (internal/modules/run_main.js:12:25)
    at Function.executeUserEntryPoint [as runMain] (internal/modules/run_main.js:54:24)
    at internal/main/run_main_module.js:17:47 {
  code: 'MODULE_NOT_FOUND',
  path: 'C:\\xampp\\htdocs\\watiket\\backend\\package.json',
  requestPath: 'C:\\xampp\\htdocs\\watiket\\backend'
}
C:\Users\User\AppData\Roaming\npm\node_modules\qckwinsvc\node_modules\node-windows\lib\wrapper.js:177
    child.send('shutdown');
          ^

TypeError: Cannot read property 'send' of null
    at process.killkid (C:\Users\User\AppData\Roaming\npm\node_modules\qckwinsvc\node_modules\node-windows\lib\wrapper.js:177:11)
    at process.emit (events.js:314:20)
    at process.exit (internal/process/per_thread.js:168:15)
    at monitor (C:\Users\User\AppData\Roaming\npm\node_modules\qckwinsvc\node_modules\node-windows\lib\wrapper.js:99:17)
    at ChildProcess.<anonymous> (C:\Users\User\AppData\Roaming\npm\node_modules\qckwinsvc\node_modules\node-windows\lib\wrapper.js:170:5)
    at ChildProcess.emit (events.js:314:20)
    at Process.ChildProcess._handle.onexit (internal/child_process.js:276:12)
internal/modules/cjs/loader.js:303
      throw err;
      ^

Error: Cannot find module 'C:\xampp\htdocs\watiket\backend\index.js'. Please verify that the package.json has a valid "main" entry
    at tryPackage (internal/modules/cjs/loader.js:295:19)
    at Function.Module._findPath (internal/modules/cjs/loader.js:508:18)
    at resolveMainPath (internal/modules/run_main.js:12:25)
    at Function.executeUserEntryPoint [as runMain] (internal/modules/run_main.js:54:24)
    at internal/main/run_main_module.js:17:47 {
  code: 'MODULE_NOT_FOUND',
  path: 'C:\\xampp\\htdocs\\watiket\\backend\\package.json',
  requestPath: 'C:\\xampp\\htdocs\\watiket\\backend'
}
internal/modules/cjs/loader.js:303
      throw err;
      ^

Error: Cannot find module 'C:\xampp\htdocs\watiket\backend\index.js'. Please verify that the package.json has a valid "main" entry
    at tryPackage (internal/modules/cjs/loader.js:295:19)
    at Function.Module._findPath (internal/modules/cjs/loader.js:508:18)
    at resolveMainPath (internal/modules/run_main.js:12:25)
    at Function.executeUserEntryPoint [as runMain] (internal/modules/run_main.js:54:24)
    at internal/main/run_main_module.js:17:47 {
  code: 'MODULE_NOT_FOUND',
  path: 'C:\\xampp\\htdocs\\watiket\\backend\\package.json',
  requestPath: 'C:\\xampp\\htdocs\\watiket\\backend'
}
internal/modules/cjs/loader.js:303
      throw err;
      ^

Error: Cannot find module 'C:\xampp\htdocs\watiket\backend\index.js'. Please verify that the package.json has a valid "main" entry
    at tryPackage (internal/modules/cjs/loader.js:295:19)
    at Function.Module._findPath (internal/modules/cjs/loader.js:508:18)
    at resolveMainPath (internal/modules/run_main.js:12:25)
    at Function.executeUserEntryPoint [as runMain] (internal/modules/run_main.js:54:24)
    at internal/main/run_main_module.js:17:47 {
  code: 'MODULE_NOT_FOUND',
  path: 'C:\\xampp\\htdocs\\watiket\\backend\\package.json',
  requestPath: 'C:\\xampp\\htdocs\\watiket\\backend'
}
C:\Users\User\AppData\Roaming\npm\node_modules\qckwinsvc\node_modules\node-windows\lib\wrapper.js:177
    child.send('shutdown');
          ^

TypeError: Cannot read property 'send' of null
    at process.killkid (C:\Users\User\AppData\Roaming\npm\node_modules\qckwinsvc\node_modules\node-windows\lib\wrapper.js:177:11)
    at process.emit (events.js:314:20)
    at process.exit (internal/process/per_thread.js:168:15)
    at monitor (C:\Users\User\AppData\Roaming\npm\node_modules\qckwinsvc\node_modules\node-windows\lib\wrapper.js:99:17)
    at ChildProcess.<anonymous> (C:\Users\User\AppData\Roaming\npm\node_modules\qckwinsvc\node_modules\node-windows\lib\wrapper.js:170:5)
    at ChildProcess.emit (events.js:314:20)
    at Process.ChildProcess._handle.onexit (internal/child_process.js:276:12)
internal/modules/cjs/loader.js:303
      throw err;
      ^

Error: Cannot find module 'C:\xampp\htdocs\watiket\backend\index.js'. Please verify that the package.json has a valid "main" entry
    at tryPackage (internal/modules/cjs/loader.js:295:19)
    at Function.Module._findPath (internal/modules/cjs/loader.js:508:18)
    at resolveMainPath (internal/modules/run_main.js:12:25)
    at Function.executeUserEntryPoint [as runMain] (internal/modules/run_main.js:54:24)
    at internal/main/run_main_module.js:17:47 {
  code: 'MODULE_NOT_FOUND',
  path: 'C:\\xampp\\htdocs\\watiket\\backend\\package.json',
  requestPath: 'C:\\xampp\\htdocs\\watiket\\backend'
}
internal/modules/cjs/loader.js:303
      throw err;
      ^

Error: Cannot find module 'C:\xampp\htdocs\watiket\backend\index.js'. Please verify that the package.json has a valid "main" entry
    at tryPackage (internal/modules/cjs/loader.js:295:19)
    at Function.Module._findPath (internal/modules/cjs/loader.js:508:18)
    at resolveMainPath (internal/modules/run_main.js:12:25)
    at Function.executeUserEntryPoint [as runMain] (internal/modules/run_main.js:54:24)
    at internal/main/run_main_module.js:17:47 {
  code: 'MODULE_NOT_FOUND',
  path: 'C:\\xampp\\htdocs\\watiket\\backend\\package.json',
  requestPath: 'C:\\xampp\\htdocs\\watiket\\backend'
}
internal/modules/cjs/loader.js:303
      throw err;
      ^

Error: Cannot find module 'C:\xampp\htdocs\watiket\backend\index.js'. Please verify that the package.json has a valid "main" entry
    at tryPackage (internal/modules/cjs/loader.js:295:19)
    at Function.Module._findPath (internal/modules/cjs/loader.js:508:18)
    at resolveMainPath (internal/modules/run_main.js:12:25)
    at Function.executeUserEntryPoint [as runMain] (internal/modules/run_main.js:54:24)
    at internal/main/run_main_module.js:17:47 {
  code: 'MODULE_NOT_FOUND',
  path: 'C:\\xampp\\htdocs\\watiket\\backend\\package.json',
  requestPath: 'C:\\xampp\\htdocs\\watiket\\backend'
}
C:\Users\User\AppData\Roaming\npm\node_modules\qckwinsvc\node_modules\node-windows\lib\wrapper.js:177
    child.send('shutdown');
          ^

TypeError: Cannot read property 'send' of null
    at process.killkid (C:\Users\User\AppData\Roaming\npm\node_modules\qckwinsvc\node_modules\node-windows\lib\wrapper.js:177:11)
    at process.emit (events.js:314:20)
    at process.exit (internal/process/per_thread.js:168:15)
    at monitor (C:\Users\User\AppData\Roaming\npm\node_modules\qckwinsvc\node_modules\node-windows\lib\wrapper.js:99:17)
    at ChildProcess.<anonymous> (C:\Users\User\AppData\Roaming\npm\node_modules\qckwinsvc\node_modules\node-windows\lib\wrapper.js:170:5)
    at ChildProcess.emit (events.js:314:20)
    at Process.ChildProcess._handle.onexit (internal/child_process.js:276:12)
internal/modules/cjs/loader.js:303
      throw err;
      ^

Error: Cannot find module 'C:\xampp\htdocs\watiket\backend\index.js'. Please verify that the package.json has a valid "main" entry
    at tryPackage (internal/modules/cjs/loader.js:295:19)
    at Function.Module._findPath (internal/modules/cjs/loader.js:508:18)
    at resolveMainPath (internal/modules/run_main.js:12:25)
    at Function.executeUserEntryPoint [as runMain] (internal/modules/run_main.js:54:24)
    at internal/main/run_main_module.js:17:47 {
  code: 'MODULE_NOT_FOUND',
  path: 'C:\\xampp\\htdocs\\watiket\\backend\\package.json',
  requestPath: 'C:\\xampp\\htdocs\\watiket\\backend'
}
internal/modules/cjs/loader.js:303
      throw err;
      ^

Error: Cannot find module 'C:\xampp\htdocs\watiket\backend\index.js'. Please verify that the package.json has a valid "main" entry
    at tryPackage (internal/modules/cjs/loader.js:295:19)
    at Function.Module._findPath (internal/modules/cjs/loader.js:508:18)
    at resolveMainPath (internal/modules/run_main.js:12:25)
    at Function.executeUserEntryPoint [as runMain] (internal/modules/run_main.js:54:24)
    at internal/main/run_main_module.js:17:47 {
  code: 'MODULE_NOT_FOUND',
  path: 'C:\\xampp\\htdocs\\watiket\\backend\\package.json',
  requestPath: 'C:\\xampp\\htdocs\\watiket\\backend'
}
internal/modules/cjs/loader.js:303
      throw err;
      ^

Error: Cannot find module 'C:\xampp\htdocs\watiket\backend\index.js'. Please verify that the package.json has a valid "main" entry
    at tryPackage (internal/modules/cjs/loader.js:295:19)
    at Function.Module._findPath (internal/modules/cjs/loader.js:508:18)
    at resolveMainPath (internal/modules/run_main.js:12:25)
    at Function.executeUserEntryPoint [as runMain] (internal/modules/run_main.js:54:24)
    at internal/main/run_main_module.js:17:47 {
  code: 'MODULE_NOT_FOUND',
  path: 'C:\\xampp\\htdocs\\watiket\\backend\\package.json',
  requestPath: 'C:\\xampp\\htdocs\\watiket\\backend'
}
C:\Users\User\AppData\Roaming\npm\node_modules\qckwinsvc\node_modules\node-windows\lib\wrapper.js:177
    child.send('shutdown');
          ^

TypeError: Cannot read property 'send' of null
    at process.killkid (C:\Users\User\AppData\Roaming\npm\node_modules\qckwinsvc\node_modules\node-windows\lib\wrapper.js:177:11)
    at process.emit (events.js:314:20)
    at process.exit (internal/process/per_thread.js:168:15)
    at monitor (C:\Users\User\AppData\Roaming\npm\node_modules\qckwinsvc\node_modules\node-windows\lib\wrapper.js:99:17)
    at ChildProcess.<anonymous> (C:\Users\User\AppData\Roaming\npm\node_modules\qckwinsvc\node_modules\node-windows\lib\wrapper.js:170:5)
    at ChildProcess.emit (events.js:314:20)
    at Process.ChildProcess._handle.onexit (internal/child_process.js:276:12)
internal/modules/cjs/loader.js:303
      throw err;
      ^

Error: Cannot find module 'C:\xampp\htdocs\watiket\backend\index.js'. Please verify that the package.json has a valid "main" entry
    at tryPackage (internal/modules/cjs/loader.js:295:19)
    at Function.Module._findPath (internal/modules/cjs/loader.js:508:18)
    at resolveMainPath (internal/modules/run_main.js:12:25)
    at Function.executeUserEntryPoint [as runMain] (internal/modules/run_main.js:54:24)
    at internal/main/run_main_module.js:17:47 {
  code: 'MODULE_NOT_FOUND',
  path: 'C:\\xampp\\htdocs\\watiket\\backend\\package.json',
  requestPath: 'C:\\xampp\\htdocs\\watiket\\backend'
}
internal/modules/cjs/loader.js:303
      throw err;
      ^

Error: Cannot find module 'C:\xampp\htdocs\watiket\backend\index.js'. Please verify that the package.json has a valid "main" entry
    at tryPackage (internal/modules/cjs/loader.js:295:19)
    at Function.Module._findPath (internal/modules/cjs/loader.js:508:18)
    at resolveMainPath (internal/modules/run_main.js:12:25)
    at Function.executeUserEntryPoint [as runMain] (internal/modules/run_main.js:54:24)
    at internal/main/run_main_module.js:17:47 {
  code: 'MODULE_NOT_FOUND',
  path: 'C:\\xampp\\htdocs\\watiket\\backend\\package.json',
  requestPath: 'C:\\xampp\\htdocs\\watiket\\backend'
}
internal/modules/cjs/loader.js:303
      throw err;
      ^

Error: Cannot find module 'C:\xampp\htdocs\watiket\backend\index.js'. Please verify that the package.json has a valid "main" entry
    at tryPackage (internal/modules/cjs/loader.js:295:19)
    at Function.Module._findPath (internal/modules/cjs/loader.js:508:18)
    at resolveMainPath (internal/modules/run_main.js:12:25)
    at Function.executeUserEntryPoint [as runMain] (internal/modules/run_main.js:54:24)
    at internal/main/run_main_module.js:17:47 {
  code: 'MODULE_NOT_FOUND',
  path: 'C:\\xampp\\htdocs\\watiket\\backend\\package.json',
  requestPath: 'C:\\xampp\\htdocs\\watiket\\backend'
}
C:\Users\User\AppData\Roaming\npm\node_modules\qckwinsvc\node_modules\node-windows\lib\wrapper.js:177
    child.send('shutdown');
          ^

TypeError: Cannot read property 'send' of null
    at process.killkid (C:\Users\User\AppData\Roaming\npm\node_modules\qckwinsvc\node_modules\node-windows\lib\wrapper.js:177:11)
    at process.emit (events.js:314:20)
    at process.exit (internal/process/per_thread.js:168:15)
    at monitor (C:\Users\User\AppData\Roaming\npm\node_modules\qckwinsvc\node_modules\node-windows\lib\wrapper.js:99:17)
    at ChildProcess.<anonymous> (C:\Users\User\AppData\Roaming\npm\node_modules\qckwinsvc\node_modules\node-windows\lib\wrapper.js:170:5)
    at ChildProcess.emit (events.js:314:20)
    at Process.ChildProcess._handle.onexit (internal/child_process.js:276:12)
internal/modules/cjs/loader.js:303
      throw err;
      ^

Error: Cannot find module 'C:\xampp\htdocs\watiket\backend\index.js'. Please verify that the package.json has a valid "main" entry
    at tryPackage (internal/modules/cjs/loader.js:295:19)
    at Function.Module._findPath (internal/modules/cjs/loader.js:508:18)
    at resolveMainPath (internal/modules/run_main.js:12:25)
    at Function.executeUserEntryPoint [as runMain] (internal/modules/run_main.js:54:24)
    at internal/main/run_main_module.js:17:47 {
  code: 'MODULE_NOT_FOUND',
  path: 'C:\\xampp\\htdocs\\watiket\\backend\\package.json',
  requestPath: 'C:\\xampp\\htdocs\\watiket\\backend'
}
internal/modules/cjs/loader.js:303
      throw err;
      ^

Error: Cannot find module 'C:\xampp\htdocs\watiket\backend\index.js'. Please verify that the package.json has a valid "main" entry
    at tryPackage (internal/modules/cjs/loader.js:295:19)
    at Function.Module._findPath (internal/modules/cjs/loader.js:508:18)
    at resolveMainPath (internal/modules/run_main.js:12:25)
    at Function.executeUserEntryPoint [as runMain] (internal/modules/run_main.js:54:24)
    at internal/main/run_main_module.js:17:47 {
  code: 'MODULE_NOT_FOUND',
  path: 'C:\\xampp\\htdocs\\watiket\\backend\\package.json',
  requestPath: 'C:\\xampp\\htdocs\\watiket\\backend'
}
internal/modules/cjs/loader.js:303
      throw err;
      ^

Error: Cannot find module 'C:\xampp\htdocs\watiket\backend\index.js'. Please verify that the package.json has a valid "main" entry
    at tryPackage (internal/modules/cjs/loader.js:295:19)
    at Function.Module._findPath (internal/modules/cjs/loader.js:508:18)
    at resolveMainPath (internal/modules/run_main.js:12:25)
    at Function.executeUserEntryPoint [as runMain] (internal/modules/run_main.js:54:24)
    at internal/main/run_main_module.js:17:47 {
  code: 'MODULE_NOT_FOUND',
  path: 'C:\\xampp\\htdocs\\watiket\\backend\\package.json',
  requestPath: 'C:\\xampp\\htdocs\\watiket\\backend'
}
C:\Users\User\AppData\Roaming\npm\node_modules\qckwinsvc\node_modules\node-windows\lib\wrapper.js:177
    child.send('shutdown');
          ^

TypeError: Cannot read property 'send' of null
    at process.killkid (C:\Users\User\AppData\Roaming\npm\node_modules\qckwinsvc\node_modules\node-windows\lib\wrapper.js:177:11)
    at process.emit (events.js:314:20)
    at process.exit (internal/process/per_thread.js:168:15)
    at monitor (C:\Users\User\AppData\Roaming\npm\node_modules\qckwinsvc\node_modules\node-windows\lib\wrapper.js:99:17)
    at ChildProcess.<anonymous> (C:\Users\User\AppData\Roaming\npm\node_modules\qckwinsvc\node_modules\node-windows\lib\wrapper.js:170:5)
    at ChildProcess.emit (events.js:314:20)
    at Process.ChildProcess._handle.onexit (internal/child_process.js:276:12)
internal/modules/cjs/loader.js:303
      throw err;
      ^

Error: Cannot find module 'C:\xampp\htdocs\watiket\backend\index.js'. Please verify that the package.json has a valid "main" entry
    at tryPackage (internal/modules/cjs/loader.js:295:19)
    at Function.Module._findPath (internal/modules/cjs/loader.js:508:18)
    at resolveMainPath (internal/modules/run_main.js:12:25)
    at Function.executeUserEntryPoint [as runMain] (internal/modules/run_main.js:54:24)
    at internal/main/run_main_module.js:17:47 {
  code: 'MODULE_NOT_FOUND',
  path: 'C:\\xampp\\htdocs\\watiket\\backend\\package.json',
  requestPath: 'C:\\xampp\\htdocs\\watiket\\backend'
}
internal/modules/cjs/loader.js:303
      throw err;
      ^

Error: Cannot find module 'C:\xampp\htdocs\watiket\backend\index.js'. Please verify that the package.json has a valid "main" entry
    at tryPackage (internal/modules/cjs/loader.js:295:19)
    at Function.Module._findPath (internal/modules/cjs/loader.js:508:18)
    at resolveMainPath (internal/modules/run_main.js:12:25)
    at Function.executeUserEntryPoint [as runMain] (internal/modules/run_main.js:54:24)
    at internal/main/run_main_module.js:17:47 {
  code: 'MODULE_NOT_FOUND',
  path: 'C:\\xampp\\htdocs\\watiket\\backend\\package.json',
  requestPath: 'C:\\xampp\\htdocs\\watiket\\backend'
}
internal/modules/cjs/loader.js:303
      throw err;
      ^

Error: Cannot find module 'C:\xampp\htdocs\watiket\backend\index.js'. Please verify that the package.json has a valid "main" entry
    at tryPackage (internal/modules/cjs/loader.js:295:19)
    at Function.Module._findPath (internal/modules/cjs/loader.js:508:18)
    at resolveMainPath (internal/modules/run_main.js:12:25)
    at Function.executeUserEntryPoint [as runMain] (internal/modules/run_main.js:54:24)
    at internal/main/run_main_module.js:17:47 {
  code: 'MODULE_NOT_FOUND',
  path: 'C:\\xampp\\htdocs\\watiket\\backend\\package.json',
  requestPath: 'C:\\xampp\\htdocs\\watiket\\backend'
}
C:\Users\User\AppData\Roaming\npm\node_modules\qckwinsvc\node_modules\node-windows\lib\wrapper.js:177
    child.send('shutdown');
          ^

TypeError: Cannot read property 'send' of null
    at process.killkid (C:\Users\User\AppData\Roaming\npm\node_modules\qckwinsvc\node_modules\node-windows\lib\wrapper.js:177:11)
    at process.emit (events.js:314:20)
    at process.exit (internal/process/per_thread.js:168:15)
    at monitor (C:\Users\User\AppData\Roaming\npm\node_modules\qckwinsvc\node_modules\node-windows\lib\wrapper.js:99:17)
    at ChildProcess.<anonymous> (C:\Users\User\AppData\Roaming\npm\node_modules\qckwinsvc\node_modules\node-windows\lib\wrapper.js:170:5)
    at ChildProcess.emit (events.js:314:20)
    at Process.ChildProcess._handle.onexit (internal/child_process.js:276:12)
internal/modules/cjs/loader.js:303
      throw err;
      ^

Error: Cannot find module 'C:\xampp\htdocs\watiket\backend\index.js'. Please verify that the package.json has a valid "main" entry
    at tryPackage (internal/modules/cjs/loader.js:295:19)
    at Function.Module._findPath (internal/modules/cjs/loader.js:508:18)
    at resolveMainPath (internal/modules/run_main.js:12:25)
    at Function.executeUserEntryPoint [as runMain] (internal/modules/run_main.js:54:24)
    at internal/main/run_main_module.js:17:47 {
  code: 'MODULE_NOT_FOUND',
  path: 'C:\\xampp\\htdocs\\watiket\\backend\\package.json',
  requestPath: 'C:\\xampp\\htdocs\\watiket\\backend'
}
internal/modules/cjs/loader.js:303
      throw err;
      ^

Error: Cannot find module 'C:\xampp\htdocs\watiket\backend\index.js'. Please verify that the package.json has a valid "main" entry
    at tryPackage (internal/modules/cjs/loader.js:295:19)
    at Function.Module._findPath (internal/modules/cjs/loader.js:508:18)
    at resolveMainPath (internal/modules/run_main.js:12:25)
    at Function.executeUserEntryPoint [as runMain] (internal/modules/run_main.js:54:24)
    at internal/main/run_main_module.js:17:47 {
  code: 'MODULE_NOT_FOUND',
  path: 'C:\\xampp\\htdocs\\watiket\\backend\\package.json',
  requestPath: 'C:\\xampp\\htdocs\\watiket\\backend'
}
internal/modules/cjs/loader.js:303
      throw err;
      ^

Error: Cannot find module 'C:\xampp\htdocs\watiket\backend\index.js'. Please verify that the package.json has a valid "main" entry
    at tryPackage (internal/modules/cjs/loader.js:295:19)
    at Function.Module._findPath (internal/modules/cjs/loader.js:508:18)
    at resolveMainPath (internal/modules/run_main.js:12:25)
    at Function.executeUserEntryPoint [as runMain] (internal/modules/run_main.js:54:24)
    at internal/main/run_main_module.js:17:47 {
  code: 'MODULE_NOT_FOUND',
  path: 'C:\\xampp\\htdocs\\watiket\\backend\\package.json',
  requestPath: 'C:\\xampp\\htdocs\\watiket\\backend'
}
C:\Users\User\AppData\Roaming\npm\node_modules\qckwinsvc\node_modules\node-windows\lib\wrapper.js:177
    child.send('shutdown');
          ^

TypeError: Cannot read property 'send' of null
    at process.killkid (C:\Users\User\AppData\Roaming\npm\node_modules\qckwinsvc\node_modules\node-windows\lib\wrapper.js:177:11)
    at process.emit (events.js:314:20)
    at process.exit (internal/process/per_thread.js:168:15)
    at monitor (C:\Users\User\AppData\Roaming\npm\node_modules\qckwinsvc\node_modules\node-windows\lib\wrapper.js:99:17)
    at ChildProcess.<anonymous> (C:\Users\User\AppData\Roaming\npm\node_modules\qckwinsvc\node_modules\node-windows\lib\wrapper.js:170:5)
    at ChildProcess.emit (events.js:314:20)
    at Process.ChildProcess._handle.onexit (internal/child_process.js:276:12)
internal/modules/cjs/loader.js:303
      throw err;
      ^

Error: Cannot find module 'C:\xampp\htdocs\watiket\backend\index.js'. Please verify that the package.json has a valid "main" entry
    at tryPackage (internal/modules/cjs/loader.js:295:19)
    at Function.Module._findPath (internal/modules/cjs/loader.js:508:18)
    at resolveMainPath (internal/modules/run_main.js:12:25)
    at Function.executeUserEntryPoint [as runMain] (internal/modules/run_main.js:54:24)
    at internal/main/run_main_module.js:17:47 {
  code: 'MODULE_NOT_FOUND',
  path: 'C:\\xampp\\htdocs\\watiket\\backend\\package.json',
  requestPath: 'C:\\xampp\\htdocs\\watiket\\backend'
}
internal/modules/cjs/loader.js:303
      throw err;
      ^

Error: Cannot find module 'C:\xampp\htdocs\watiket\backend\index.js'. Please verify that the package.json has a valid "main" entry
    at tryPackage (internal/modules/cjs/loader.js:295:19)
    at Function.Module._findPath (internal/modules/cjs/loader.js:508:18)
    at resolveMainPath (internal/modules/run_main.js:12:25)
    at Function.executeUserEntryPoint [as runMain] (internal/modules/run_main.js:54:24)
    at internal/main/run_main_module.js:17:47 {
  code: 'MODULE_NOT_FOUND',
  path: 'C:\\xampp\\htdocs\\watiket\\backend\\package.json',
  requestPath: 'C:\\xampp\\htdocs\\watiket\\backend'
}
internal/modules/cjs/loader.js:303
      throw err;
      ^

Error: Cannot find module 'C:\xampp\htdocs\watiket\backend\index.js'. Please verify that the package.json has a valid "main" entry
    at tryPackage (internal/modules/cjs/loader.js:295:19)
    at Function.Module._findPath (internal/modules/cjs/loader.js:508:18)
    at resolveMainPath (internal/modules/run_main.js:12:25)
    at Function.executeUserEntryPoint [as runMain] (internal/modules/run_main.js:54:24)
    at internal/main/run_main_module.js:17:47 {
  code: 'MODULE_NOT_FOUND',
  path: 'C:\\xampp\\htdocs\\watiket\\backend\\package.json',
  requestPath: 'C:\\xampp\\htdocs\\watiket\\backend'
}
C:\Users\User\AppData\Roaming\npm\node_modules\qckwinsvc\node_modules\node-windows\lib\wrapper.js:177
    child.send('shutdown');
          ^

TypeError: Cannot read property 'send' of null
    at process.killkid (C:\Users\User\AppData\Roaming\npm\node_modules\qckwinsvc\node_modules\node-windows\lib\wrapper.js:177:11)
    at process.emit (events.js:314:20)
    at process.exit (internal/process/per_thread.js:168:15)
    at monitor (C:\Users\User\AppData\Roaming\npm\node_modules\qckwinsvc\node_modules\node-windows\lib\wrapper.js:99:17)
    at ChildProcess.<anonymous> (C:\Users\User\AppData\Roaming\npm\node_modules\qckwinsvc\node_modules\node-windows\lib\wrapper.js:170:5)
    at ChildProcess.emit (events.js:314:20)
    at Process.ChildProcess._handle.onexit (internal/child_process.js:276:12)
